<?xml version="1.0" encoding="UTF-8"?>
<!-- Generated by org.testng.reporters.JUnitReportReporter -->
<testsuite hostname="DESKTOP-Q0GEFUM" failures="0" tests="2" name="com.qa.freecrm.tests.AccountPageTest" time="0.117" errors="0" timestamp="2022-06-24T18:40:25 IST" skipped="0">
  <testcase classname="com.qa.freecrm.tests.AccountPageTest" name="verifyAccountPageTitleTest" time="0.007"/>
  <system-out/>
  <testcase classname="com.qa.freecrm.tests.AccountPageTest" name="verifyAccountPageHeadersTest" time="0.110"/>
  <system-out/>
</testsuite> <!-- com.qa.freecrm.tests.AccountPageTest -->
