<?xml version="1.0" encoding="UTF-8"?>
<!-- Generated by org.testng.reporters.JUnitReportReporter -->
<testsuite hostname="DESKTOP-Q0GEFUM" failures="0" tests="3" name="com.qa.freecrm.tests.AccountPageTest" time="0.599" errors="0" timestamp="2022-07-23T16:23:54 IST" skipped="0">
  <testcase classname="com.qa.freecrm.tests.AccountPageTest" name="selectCurrencyTest" time="0.524"/>
  <system-out/>
  <testcase classname="com.qa.freecrm.tests.AccountPageTest" name="verifyAccountPageHeadersTest" time="0.067"/>
  <system-out/>
  <testcase classname="com.qa.freecrm.tests.AccountPageTest" name="verifyAccountPageTitleTest" time="0.008"/>
  <system-out/>
</testsuite> <!-- com.qa.freecrm.tests.AccountPageTest -->
